GAS LISTING /tmp/cc4TUpol.s 			page 1


   1              		.file	"main.cpp"
   2              		.option pic
   3              		.option norelax
   4              		.text
   5              	.Ltext0:
   6              		.align	2
   7              		.globl	_Z8funkcijav
   9              	_Z8funkcijav:
  10              	.LFB36:
  11              		.file 1 "src/main.cpp"
   1:src/main.cpp  **** #include "../h/tcb.hpp"
   2:src/main.cpp  **** #include "../h/sem.hpp"
   3:src/main.cpp  **** #include "../h/riscv.hpp"
   4:src/main.cpp  **** #include "../test/userMain.hpp"
   5:src/main.cpp  **** sem_t glob_sem;
   6:src/main.cpp  **** 
   7:src/main.cpp  **** void funkcija(){
  12              		.loc 1 7 16
  13              		.cfi_startproc
  14 0000 130101FF 		addi	sp,sp,-16
  15              		.cfi_def_cfa_offset 16
  16 0004 23341100 		sd	ra,8(sp)
  17 0008 23308100 		sd	s0,0(sp)
  18              		.cfi_offset 1, -8
  19              		.cfi_offset 8, -16
  20 000c 13040101 		addi	s0,sp,16
  21              		.cfi_def_cfa 8, 0
   8:src/main.cpp  ****     userMain();
  22              		.loc 1 8 5
  23              		.loc 1 8 13 is_stmt 0
  24 0010 97000000 		call	_Z8userMainv@plt
  24      E7800000 
  25              	.LVL0:
   9:src/main.cpp  ****     sem_signal(glob_sem);
  26              		.loc 1 9 5 is_stmt 1
  27              		.loc 1 9 15 is_stmt 0
  28 0018 17050000 		ld	a0,.LANCHOR0
  28      03350500 
  29 0020 97000000 		call	_Z10sem_signalP3Sem@plt
  29      E7800000 
  30              	.LVL1:
  10:src/main.cpp  **** }
  31              		.loc 1 10 1
  32 0028 83308100 		ld	ra,8(sp)
  33              		.cfi_restore 1
  34 002c 03340100 		ld	s0,0(sp)
  35              		.cfi_restore 8
  36              		.cfi_def_cfa 2, 16
  37 0030 13010101 		addi	sp,sp,16
  38              		.cfi_def_cfa_offset 0
  39 0034 67800000 		jr	ra
  40              		.cfi_endproc
  41              	.LFE36:
  43              		.align	2
  44              		.globl	main
  46              	main:
  47              	.LFB37:
GAS LISTING /tmp/cc4TUpol.s 			page 2


  11:src/main.cpp  **** 
  12:src/main.cpp  **** 
  13:src/main.cpp  **** 
  14:src/main.cpp  **** int main()
  15:src/main.cpp  **** {
  48              		.loc 1 15 1 is_stmt 1
  49              		.cfi_startproc
  50 0038 130101FD 		addi	sp,sp,-48
  51              		.cfi_def_cfa_offset 48
  52 003c 23341102 		sd	ra,40(sp)
  53 0040 23308102 		sd	s0,32(sp)
  54 0044 233C9100 		sd	s1,24(sp)
  55              		.cfi_offset 1, -8
  56              		.cfi_offset 8, -16
  57              		.cfi_offset 9, -24
  58 0048 13040103 		addi	s0,sp,48
  59              		.cfi_def_cfa 8, 0
  16:src/main.cpp  **** 
  17:src/main.cpp  ****     Riscv::w_stvec((uint64) &Riscv::supervisorTrap);
  60              		.loc 1 17 5
  61              		.loc 1 17 19 is_stmt 0
  62 004c 97070000 		la	a5,_ZN5Riscv14supervisorTrapEv
  62      83B70700 
  63              	.LVL2:
  64              	.LBB7:
  65              	.LBB8:
  66              		.file 2 "src/../h/riscv.hpp"
   1:src/../h/riscv.hpp **** #ifndef risc_hpp
   2:src/../h/riscv.hpp **** #define risc_hpp
   3:src/../h/riscv.hpp **** #include "../lib/hw.h"
   4:src/../h/riscv.hpp **** 
   5:src/../h/riscv.hpp **** class Riscv
   6:src/../h/riscv.hpp **** {
   7:src/../h/riscv.hpp **** public:
   8:src/../h/riscv.hpp **** 
   9:src/../h/riscv.hpp ****     // pop sstatus.spp and sstatus.spie bits (has to be a non inline function)
  10:src/../h/riscv.hpp ****     static void popSppSpie();
  11:src/../h/riscv.hpp **** 
  12:src/../h/riscv.hpp ****     static void pushRegisters();
  13:src/../h/riscv.hpp **** 
  14:src/../h/riscv.hpp ****     static void popRegisters();
  15:src/../h/riscv.hpp **** 
  16:src/../h/riscv.hpp **** 
  17:src/../h/riscv.hpp ****     // read register scause
  18:src/../h/riscv.hpp ****     static uint64 r_scause();
  19:src/../h/riscv.hpp **** 
  20:src/../h/riscv.hpp ****     // write register scause
  21:src/../h/riscv.hpp ****     static void w_scause(uint64 scause);
  22:src/../h/riscv.hpp **** 
  23:src/../h/riscv.hpp ****     // read register sepc
  24:src/../h/riscv.hpp ****     static uint64 r_sepc();
  25:src/../h/riscv.hpp **** 
  26:src/../h/riscv.hpp ****     // write register sepc
  27:src/../h/riscv.hpp ****     static void w_sepc(uint64 sepc);
  28:src/../h/riscv.hpp **** 
  29:src/../h/riscv.hpp ****     // read register stvec
  30:src/../h/riscv.hpp ****     static uint64 r_stvec();
GAS LISTING /tmp/cc4TUpol.s 			page 3


  31:src/../h/riscv.hpp **** 
  32:src/../h/riscv.hpp ****     // write register stvec
  33:src/../h/riscv.hpp ****     static void w_stvec(uint64 stvec);
  34:src/../h/riscv.hpp **** 
  35:src/../h/riscv.hpp ****     // read register stval
  36:src/../h/riscv.hpp ****     static uint64 r_stval();
  37:src/../h/riscv.hpp **** 
  38:src/../h/riscv.hpp ****     // write register stval
  39:src/../h/riscv.hpp ****     static void w_stval(uint64 stval);
  40:src/../h/riscv.hpp **** 
  41:src/../h/riscv.hpp ****     enum BitMaskSip
  42:src/../h/riscv.hpp ****     {
  43:src/../h/riscv.hpp ****         SIP_SSIP = (1 << 1),
  44:src/../h/riscv.hpp ****         SIP_STIP = (1 << 5),
  45:src/../h/riscv.hpp ****         SIP_SEIP = (1 << 9),
  46:src/../h/riscv.hpp ****     };
  47:src/../h/riscv.hpp **** 
  48:src/../h/riscv.hpp ****     // mask set register sip
  49:src/../h/riscv.hpp ****     static void ms_sip(uint64 mask);
  50:src/../h/riscv.hpp **** 
  51:src/../h/riscv.hpp ****     // mask clear register sip
  52:src/../h/riscv.hpp ****     static void mc_sip(uint64 mask);
  53:src/../h/riscv.hpp **** 
  54:src/../h/riscv.hpp ****     // read register sip
  55:src/../h/riscv.hpp ****     static uint64 r_sip();
  56:src/../h/riscv.hpp **** 
  57:src/../h/riscv.hpp ****     // write register sip
  58:src/../h/riscv.hpp ****     static void w_sip(uint64 sip);
  59:src/../h/riscv.hpp **** 
  60:src/../h/riscv.hpp ****     enum BitMaskSstatus
  61:src/../h/riscv.hpp ****     {
  62:src/../h/riscv.hpp ****         SSTATUS_SIE = (1 << 1),
  63:src/../h/riscv.hpp ****         SSTATUS_SPIE = (1 << 5),
  64:src/../h/riscv.hpp ****         SSTATUS_SPP = (1 << 8),
  65:src/../h/riscv.hpp ****     };
  66:src/../h/riscv.hpp **** 
  67:src/../h/riscv.hpp ****     // mask set register sstatus
  68:src/../h/riscv.hpp ****     static void ms_sstatus(uint64 mask);
  69:src/../h/riscv.hpp **** 
  70:src/../h/riscv.hpp ****     // mask clear register sstatus
  71:src/../h/riscv.hpp ****     static void mc_sstatus(uint64 mask);
  72:src/../h/riscv.hpp **** 
  73:src/../h/riscv.hpp ****     // read register sstatus
  74:src/../h/riscv.hpp ****     static uint64 r_sstatus();
  75:src/../h/riscv.hpp **** 
  76:src/../h/riscv.hpp ****     // write register sstatus
  77:src/../h/riscv.hpp ****     static void w_sstatus(uint64 sstatus);
  78:src/../h/riscv.hpp **** 
  79:src/../h/riscv.hpp ****     // supervisor trap
  80:src/../h/riscv.hpp ****     static void supervisorTrap();
  81:src/../h/riscv.hpp **** 
  82:src/../h/riscv.hpp **** private:
  83:src/../h/riscv.hpp ****     //obradjuje sve za prekid
  84:src/../h/riscv.hpp ****     static void handleSupervisorTrap();
  85:src/../h/riscv.hpp **** };
  86:src/../h/riscv.hpp **** 
  87:src/../h/riscv.hpp **** inline uint64 Riscv::r_scause()
GAS LISTING /tmp/cc4TUpol.s 			page 4


  88:src/../h/riscv.hpp **** {
  89:src/../h/riscv.hpp ****     uint64 volatile scause;
  90:src/../h/riscv.hpp ****     __asm__ volatile ("csrr %[scause], scause" : [scause] "=r"(scause));
  91:src/../h/riscv.hpp ****     return scause;
  92:src/../h/riscv.hpp **** }
  93:src/../h/riscv.hpp **** 
  94:src/../h/riscv.hpp **** inline void Riscv::w_scause(uint64 scause)
  95:src/../h/riscv.hpp **** {
  96:src/../h/riscv.hpp ****     __asm__ volatile ("csrw scause, %[scause]" : : [scause] "r"(scause));
  97:src/../h/riscv.hpp **** }
  98:src/../h/riscv.hpp **** 
  99:src/../h/riscv.hpp **** inline uint64 Riscv::r_sepc()
 100:src/../h/riscv.hpp **** {
 101:src/../h/riscv.hpp ****     uint64 volatile sepc;
 102:src/../h/riscv.hpp ****     __asm__ volatile ("csrr %[sepc], sepc" : [sepc] "=r"(sepc));
 103:src/../h/riscv.hpp ****     return sepc;
 104:src/../h/riscv.hpp **** }
 105:src/../h/riscv.hpp **** 
 106:src/../h/riscv.hpp **** inline void Riscv::w_sepc(uint64 sepc)
 107:src/../h/riscv.hpp **** {
 108:src/../h/riscv.hpp ****     __asm__ volatile ("csrw sepc, %[sepc]" : : [sepc] "r"(sepc));
 109:src/../h/riscv.hpp **** }
 110:src/../h/riscv.hpp **** 
 111:src/../h/riscv.hpp **** inline uint64 Riscv::r_stvec()
 112:src/../h/riscv.hpp **** {
 113:src/../h/riscv.hpp ****     uint64 volatile stvec;
 114:src/../h/riscv.hpp ****     __asm__ volatile ("csrr %[stvec], stvec" : [stvec] "=r"(stvec));
 115:src/../h/riscv.hpp ****     return stvec;
 116:src/../h/riscv.hpp **** }
 117:src/../h/riscv.hpp **** 
 118:src/../h/riscv.hpp **** inline void Riscv::w_stvec(uint64 stvec)
 119:src/../h/riscv.hpp **** {
 120:src/../h/riscv.hpp ****     __asm__ volatile ("csrw stvec, %[stvec]" : : [stvec] "r"(stvec));
  67              		.loc 2 120 5 is_stmt 1
  68              		.loc 2 120 69 is_stmt 0
  69              	#APP
  70              	# 120 "src/../h/riscv.hpp" 1
 121              	}
  71              		csrw stvec, a5
  72              	# 0 "" 2
  73              	.LVL3:
  74              	#NO_APP
  75              	.LBE8:
  76              	.LBE7:
  18:src/main.cpp  ****     TCB* handle = nullptr;
  77              		.loc 1 18 5 is_stmt 1
  78              		.loc 1 18 10 is_stmt 0
  79 0058 233C04FC 		sd	zero,-40(s0)
  19:src/main.cpp  ****     thread_create(&handle, nullptr, nullptr);
  80              		.loc 1 19 5 is_stmt 1
  81              		.loc 1 19 18 is_stmt 0
  82 005c 13060000 		li	a2,0
  83 0060 93050000 		li	a1,0
  84 0064 130584FD 		addi	a0,s0,-40
  85 0068 97000000 		call	_Z13thread_createPP3TCBPFvPvES2_@plt
  85      E7800000 
  86              	.LVL4:
GAS LISTING /tmp/cc4TUpol.s 			page 5


  20:src/main.cpp  ****     sem_open(&glob_sem,0);
  87              		.loc 1 20 5 is_stmt 1
  88              		.loc 1 20 13 is_stmt 0
  89 0070 97040000 		lla	s1,.LANCHOR0
  89      93840400 
  90 0078 93050000 		li	a1,0
  91 007c 13850400 		mv	a0,s1
  92 0080 97000000 		call	_Z8sem_openPP3Semj@plt
  92      E7800000 
  93              	.LVL5:
  21:src/main.cpp  **** //    TCB* userThread = nullptr;
  22:src/main.cpp  **** //    thread_create(&userThread, (void(*)(void*))funkcija, nullptr);
  23:src/main.cpp  ****     funkcija();
  94              		.loc 1 23 5 is_stmt 1
  95              		.loc 1 23 13 is_stmt 0
  96 0088 97000000 		call	_Z8funkcijav
  96      E7800000 
  97              	.LVL6:
  24:src/main.cpp  ****     sem_wait(glob_sem);
  98              		.loc 1 24 5 is_stmt 1
  99              		.loc 1 24 13 is_stmt 0
 100 0090 03B50400 		ld	a0,0(s1)
 101 0094 97000000 		call	_Z8sem_waitP3Sem@plt
 101      E7800000 
 102              	.LVL7:
  25:src/main.cpp  **** 
  26:src/main.cpp  ****     sem_close(glob_sem);
 103              		.loc 1 26 5 is_stmt 1
 104              		.loc 1 26 14 is_stmt 0
 105 009c 03B50400 		ld	a0,0(s1)
 106 00a0 97000000 		call	_Z9sem_closeP3Sem@plt
 106      E7800000 
 107              	.LVL8:
  27:src/main.cpp  ****     delete handle;
 108              		.loc 1 27 5 is_stmt 1
 109              		.loc 1 27 12 is_stmt 0
 110 00a8 833484FD 		ld	s1,-40(s0)
 111              		.loc 1 27 18
 112 00ac 63800402 		beqz	s1,.L4
 113              	.LVL9:
 114              	.LBB9:
 115              	.LBB10:
 116              		.file 3 "src/../h/tcb.hpp"
   1:src/../h/tcb.hpp **** #ifndef tcb_hpp
   2:src/../h/tcb.hpp **** #define tcb_hpp
   3:src/../h/tcb.hpp **** 
   4:src/../h/tcb.hpp **** #include "scheduler.hpp"
   5:src/../h/tcb.hpp **** #include "../lib/hw.h"
   6:src/../h/tcb.hpp **** #include "syscall_cpp.hpp"
   7:src/../h/tcb.hpp **** class Semaphore;
   8:src/../h/tcb.hpp **** class TCB
   9:src/../h/tcb.hpp **** {
  10:src/../h/tcb.hpp **** public:
  11:src/../h/tcb.hpp ****     ~TCB() { delete[] stack; }
 117              		.loc 3 11 14 is_stmt 1
 118              		.loc 3 11 23 is_stmt 0
 119 00b0 03B50401 		ld	a0,16(s1)
GAS LISTING /tmp/cc4TUpol.s 			page 6


 120              		.loc 3 11 28
 121 00b4 63060500 		beqz	a0,.L5
 122              		.loc 3 11 23
 123 00b8 97000000 		call	_ZdaPv@plt
 123      E7800000 
 124              	.LVL10:
 125              	.L5:
 126              	.LBE10:
 127              	.LBE9:
 128              		.loc 1 27 12
 129 00c0 13850400 		mv	a0,s1
 130 00c4 97000000 		call	_ZdlPv@plt
 130      E7800000 
 131              	.LVL11:
 132              	.L4:
  28:src/main.cpp  ****     return 0;
 133              		.loc 1 28 5 is_stmt 1
  29:src/main.cpp  **** }...
 134              		.loc 1 29 1 is_stmt 0
 135 00cc 13050000 		li	a0,0
 136 00d0 83308102 		ld	ra,40(sp)
 137              		.cfi_restore 1
 138 00d4 03340102 		ld	s0,32(sp)
 139              		.cfi_restore 8
 140              		.cfi_def_cfa 2, 48
 141 00d8 83348101 		ld	s1,24(sp)
 142              		.cfi_restore 9
 143 00dc 13010103 		addi	sp,sp,48
 144              		.cfi_def_cfa_offset 0
 145 00e0 67800000 		jr	ra
 146              		.cfi_endproc
 147              	.LFE37:
 149              		.globl	glob_sem
 150              		.bss
 151              		.align	3
 152              		.set	.LANCHOR0,. + 0
 155              	glob_sem:
 156 0000 00000000 		.zero	8
 156      00000000 
 157              		.text
 158              	.Letext0:
 159              		.file 4 "src/../h/../lib/hw.h"
 160              		.file 5 "src/../h/queue.hpp"
 161              		.file 6 "src/../h/sem.hpp"
 162              		.file 7 "src/../h/syscall_c.hpp"
 163              		.file 8 "src/../h/syscall_cpp.hpp"
 164              		.file 9 "src/../test/userMain.hpp"
GAS LISTING /tmp/cc4TUpol.s 			page 7


DEFINED SYMBOLS
                            *ABS*:0000000000000000 main.cpp
     /tmp/cc4TUpol.s:9      .text:0000000000000000 _Z8funkcijav
     /tmp/cc4TUpol.s:13     .text:0000000000000000 .L0 
     /tmp/cc4TUpol.s:14     .text:0000000000000000 .L0 
     /tmp/cc4TUpol.s:15     .text:0000000000000004 .L0 
     /tmp/cc4TUpol.s:18     .text:000000000000000c .L0 
     /tmp/cc4TUpol.s:19     .text:000000000000000c .L0 
     /tmp/cc4TUpol.s:21     .text:0000000000000010 .L0 
     /tmp/cc4TUpol.s:23     .text:0000000000000010 .L0 
     /tmp/cc4TUpol.s:24     .text:0000000000000010 .L0 
     /tmp/cc4TUpol.s:27     .text:0000000000000018 .L0 
     /tmp/cc4TUpol.s:28     .text:0000000000000018 .L0 
     /tmp/cc4TUpol.s:32     .text:0000000000000028 .L0 
     /tmp/cc4TUpol.s:33     .text:000000000000002c .L0 
     /tmp/cc4TUpol.s:35     .text:0000000000000030 .L0 
     /tmp/cc4TUpol.s:36     .text:0000000000000030 .L0 
     /tmp/cc4TUpol.s:38     .text:0000000000000034 .L0 
     /tmp/cc4TUpol.s:40     .text:0000000000000038 .L0 
     /tmp/cc4TUpol.s:46     .text:0000000000000038 main
     /tmp/cc4TUpol.s:49     .text:0000000000000038 .L0 
     /tmp/cc4TUpol.s:50     .text:0000000000000038 .L0 
     /tmp/cc4TUpol.s:51     .text:000000000000003c .L0 
     /tmp/cc4TUpol.s:55     .text:0000000000000048 .L0 
     /tmp/cc4TUpol.s:56     .text:0000000000000048 .L0 
     /tmp/cc4TUpol.s:57     .text:0000000000000048 .L0 
     /tmp/cc4TUpol.s:59     .text:000000000000004c .L0 
     /tmp/cc4TUpol.s:61     .text:000000000000004c .L0 
     /tmp/cc4TUpol.s:62     .text:000000000000004c .L0 
     /tmp/cc4TUpol.s:68     .text:0000000000000054 .L0 
  src/../h/riscv.hpp:120    .text:0000000000000054 .L0 
     /tmp/cc4TUpol.s:78     .text:0000000000000058 .L0 
     /tmp/cc4TUpol.s:79     .text:0000000000000058 .L0 
     /tmp/cc4TUpol.s:81     .text:000000000000005c .L0 
     /tmp/cc4TUpol.s:82     .text:000000000000005c .L0 
     /tmp/cc4TUpol.s:88     .text:0000000000000070 .L0 
     /tmp/cc4TUpol.s:89     .text:0000000000000070 .L0 
     /tmp/cc4TUpol.s:95     .text:0000000000000088 .L0 
     /tmp/cc4TUpol.s:96     .text:0000000000000088 .L0 
     /tmp/cc4TUpol.s:99     .text:0000000000000090 .L0 
     /tmp/cc4TUpol.s:100    .text:0000000000000090 .L0 
     /tmp/cc4TUpol.s:104    .text:000000000000009c .L0 
     /tmp/cc4TUpol.s:105    .text:000000000000009c .L0 
     /tmp/cc4TUpol.s:109    .text:00000000000000a8 .L0 
     /tmp/cc4TUpol.s:110    .text:00000000000000a8 .L0 
     /tmp/cc4TUpol.s:112    .text:00000000000000ac .L0 
     /tmp/cc4TUpol.s:118    .text:00000000000000b0 .L0 
     /tmp/cc4TUpol.s:119    .text:00000000000000b0 .L0 
     /tmp/cc4TUpol.s:121    .text:00000000000000b4 .L0 
     /tmp/cc4TUpol.s:123    .text:00000000000000b8 .L0 
     /tmp/cc4TUpol.s:129    .text:00000000000000c0 .L0 
     /tmp/cc4TUpol.s:134    .text:00000000000000cc .L0 
     /tmp/cc4TUpol.s:135    .text:00000000000000cc .L0 
     /tmp/cc4TUpol.s:137    .text:00000000000000d4 .L0 
     /tmp/cc4TUpol.s:139    .text:00000000000000d8 .L0 
     /tmp/cc4TUpol.s:140    .text:00000000000000d8 .L0 
     /tmp/cc4TUpol.s:142    .text:00000000000000dc .L0 
GAS LISTING /tmp/cc4TUpol.s 			page 8


     /tmp/cc4TUpol.s:144    .text:00000000000000e0 .L0 
     /tmp/cc4TUpol.s:146    .text:00000000000000e4 .L0 
     /tmp/cc4TUpol.s:155    .bss:0000000000000000 glob_sem
     /tmp/cc4TUpol.s:152    .bss:0000000000000000 .LANCHOR0
     /tmp/cc4TUpol.s:165    .text:00000000000000e4 .L0 
     /tmp/cc4TUpol.s:28     .text:0000000000000018 .L0 
     /tmp/cc4TUpol.s:62     .text:000000000000004c .L0 
     /tmp/cc4TUpol.s:89     .text:0000000000000070 .L0 
     /tmp/cc4TUpol.s:132    .text:00000000000000cc .L4
     /tmp/cc4TUpol.s:125    .text:00000000000000c0 .L5
     /tmp/cc4TUpol.s:1424   .debug_abbrev:0000000000000000 .Ldebug_abbrev0
     /tmp/cc4TUpol.s:2640   .debug_str:000000000000081a .LASF166
     /tmp/cc4TUpol.s:2436   .debug_str:000000000000027c .LASF167
     /tmp/cc4TUpol.s:2570   .debug_str:000000000000064d .LASF168
     /tmp/cc4TUpol.s:5      .text:0000000000000000 .Ltext0
     /tmp/cc4TUpol.s:158    .text:00000000000000e4 .Letext0
     /tmp/cc4TUpol.s:2348   .debug_line:0000000000000000 .Ldebug_line0
     /tmp/cc4TUpol.s:2468   .debug_str:0000000000000370 .LASF0
     /tmp/cc4TUpol.s:2498   .debug_str:000000000000044d .LASF1
     /tmp/cc4TUpol.s:2584   .debug_str:00000000000006c2 .LASF2
     /tmp/cc4TUpol.s:2594   .debug_str:0000000000000702 .LASF4
     /tmp/cc4TUpol.s:2478   .debug_str:00000000000003b4 .LASF3
     /tmp/cc4TUpol.s:2364   .debug_str:0000000000000069 .LASF5
     /tmp/cc4TUpol.s:2550   .debug_str:00000000000005a6 .LASF6
     /tmp/cc4TUpol.s:2484   .debug_str:00000000000003f1 .LASF7
     /tmp/cc4TUpol.s:2444   .debug_str:00000000000002a7 .LASF8
     /tmp/cc4TUpol.s:2454   .debug_str:0000000000000312 .LASF9
     /tmp/cc4TUpol.s:2386   .debug_str:0000000000000103 .LASF10
     /tmp/cc4TUpol.s:2434   .debug_str:000000000000026d .LASF11
     /tmp/cc4TUpol.s:2400   .debug_str:0000000000000166 .LASF12
     /tmp/cc4TUpol.s:2384   .debug_str:00000000000000f3 .LASF13
     /tmp/cc4TUpol.s:2622   .debug_str:00000000000007b8 .LASF14
     /tmp/cc4TUpol.s:2420   .debug_str:00000000000001dc .LASF15
     /tmp/cc4TUpol.s:2612   .debug_str:0000000000000768 .LASF16
     /tmp/cc4TUpol.s:2590   .debug_str:00000000000006f2 .LASF19
     /tmp/cc4TUpol.s:2492   .debug_str:0000000000000437 .LASF17
     /tmp/cc4TUpol.s:2388   .debug_str:0000000000000112 .LASF18
     /tmp/cc4TUpol.s:2626   .debug_str:00000000000007cb .LASF20
     /tmp/cc4TUpol.s:2596   .debug_str:0000000000000709 .LASF21
     /tmp/cc4TUpol.s:2360   .debug_str:0000000000000053 .LASF23
     /tmp/cc4TUpol.s:2628   .debug_str:00000000000007d3 .LASF25
     /tmp/cc4TUpol.s:2526   .debug_str:000000000000050c .LASF27
     /tmp/cc4TUpol.s:2372   .debug_str:000000000000009a .LASF22
     /tmp/cc4TUpol.s:2656   .debug_str:000000000000096b .LASF24
     /tmp/cc4TUpol.s:2450   .debug_str:00000000000002ea .LASF26
     /tmp/cc4TUpol.s:2694   .debug_str:0000000000000a48 .LASF28
     /tmp/cc4TUpol.s:2568   .debug_str:0000000000000640 .LASF29
     /tmp/cc4TUpol.s:2580   .debug_str:000000000000069f .LASF30
     /tmp/cc4TUpol.s:2700   .debug_str:0000000000000a7e .LASF31
     /tmp/cc4TUpol.s:2646   .debug_str:0000000000000904 .LASF32
     /tmp/cc4TUpol.s:2586   .debug_str:00000000000006d0 .LASF33
     /tmp/cc4TUpol.s:2378   .debug_str:00000000000000c0 .LASF34
     /tmp/cc4TUpol.s:2632   .debug_str:00000000000007ef .LASF35
     /tmp/cc4TUpol.s:2430   .debug_str:0000000000000240 .LASF36
     /tmp/cc4TUpol.s:2502   .debug_str:0000000000000469 .LASF37
     /tmp/cc4TUpol.s:2668   .debug_str:00000000000009b1 .LASF38
     /tmp/cc4TUpol.s:2410   .debug_str:00000000000001b0 .LASF45
GAS LISTING /tmp/cc4TUpol.s 			page 9


     /tmp/cc4TUpol.s:2394   .debug_str:0000000000000134 .LASF47
     /tmp/cc4TUpol.s:2516   .debug_str:00000000000004c3 .LASF41
     /tmp/cc4TUpol.s:2432   .debug_str:0000000000000256 .LASF43
     /tmp/cc4TUpol.s:2532   .debug_str:0000000000000532 .LASF49
     /tmp/cc4TUpol.s:2616   .debug_str:000000000000078b .LASF51
     /tmp/cc4TUpol.s:2620   .debug_str:00000000000007ab .LASF39
     /tmp/cc4TUpol.s:2650   .debug_str:0000000000000928 .LASF40
     /tmp/cc4TUpol.s:2544   .debug_str:0000000000000580 .LASF169
     /tmp/cc4TUpol.s:2690   .debug_str:0000000000000a37 .LASF42
     /tmp/cc4TUpol.s:2558   .debug_str:00000000000005f1 .LASF44
     /tmp/cc4TUpol.s:2660   .debug_str:000000000000098b .LASF46
     /tmp/cc4TUpol.s:2546   .debug_str:0000000000000585 .LASF48
     /tmp/cc4TUpol.s:2448   .debug_str:00000000000002d8 .LASF50
     /tmp/cc4TUpol.s:2424   .debug_str:000000000000020d .LASF52
     /tmp/cc4TUpol.s:2638   .debug_str:0000000000000812 .LASF53
     /tmp/cc4TUpol.s:2574   .debug_str:0000000000000672 .LASF54
     /tmp/cc4TUpol.s:2552   .debug_str:00000000000005b9 .LASF74
     /tmp/cc4TUpol.s:2352   .debug_str:000000000000000b .LASF55
     /tmp/cc4TUpol.s:2696   .debug_str:0000000000000a60 .LASF56
     /tmp/cc4TUpol.s:2652   .debug_str:000000000000094e .LASF57
     /tmp/cc4TUpol.s:2648   .debug_str:000000000000091e .LASF58
     /tmp/cc4TUpol.s:2610   .debug_str:000000000000075f .LASF59
     /tmp/cc4TUpol.s:2382   .debug_str:00000000000000e8 .LASF60
     /tmp/cc4TUpol.s:2538   .debug_str:0000000000000551 .LASF61
     /tmp/cc4TUpol.s:2396   .debug_str:0000000000000147 .LASF62
     /tmp/cc4TUpol.s:2414   .debug_str:00000000000001be .LASF63
     /tmp/cc4TUpol.s:2524   .debug_str:00000000000004f9 .LASF64
     /tmp/cc4TUpol.s:2548   .debug_str:0000000000000597 .LASF65
     /tmp/cc4TUpol.s:2512   .debug_str:00000000000004a6 .LASF66
     /tmp/cc4TUpol.s:2510   .debug_str:000000000000049d .LASF67
     /tmp/cc4TUpol.s:2374   .debug_str:00000000000000a6 .LASF141
     /tmp/cc4TUpol.s:2504   .debug_str:0000000000000476 .LASF143
     /tmp/cc4TUpol.s:2404   .debug_str:0000000000000188 .LASF170
     /tmp/cc4TUpol.s:2358   .debug_str:000000000000002b .LASF171
     /tmp/cc4TUpol.s:2604   .debug_str:0000000000000736 .LASF172
     /tmp/cc4TUpol.s:2686   .debug_str:0000000000000a26 .LASF68
     /tmp/cc4TUpol.s:2592   .debug_str:00000000000006f7 .LASF69
     /tmp/cc4TUpol.s:2428   .debug_str:000000000000023a .LASF70
     /tmp/cc4TUpol.s:2662   .debug_str:0000000000000993 .LASF71
     /tmp/cc4TUpol.s:2692   .debug_str:0000000000000a43 .LASF72
     /tmp/cc4TUpol.s:2496   .debug_str:0000000000000448 .LASF73
     /tmp/cc4TUpol.s:2376   .debug_str:00000000000000b4 .LASF75
     /tmp/cc4TUpol.s:2412   .debug_str:00000000000001b9 .LASF76
     /tmp/cc4TUpol.s:2606   .debug_str:0000000000000747 .LASF77
     /tmp/cc4TUpol.s:2624   .debug_str:00000000000007c4 .LASF78
     /tmp/cc4TUpol.s:2630   .debug_str:00000000000007de .LASF79
     /tmp/cc4TUpol.s:2370   .debug_str:0000000000000091 .LASF80
     /tmp/cc4TUpol.s:2672   .debug_str:00000000000009d1 .LASF81
     /tmp/cc4TUpol.s:2578   .debug_str:0000000000000694 .LASF82
     /tmp/cc4TUpol.s:2368   .debug_str:000000000000007b .LASF83
     /tmp/cc4TUpol.s:2408   .debug_str:00000000000001a8 .LASF84
     /tmp/cc4TUpol.s:2402   .debug_str:0000000000000176 .LASF85
     /tmp/cc4TUpol.s:2480   .debug_str:00000000000003c6 .LASF86
     /tmp/cc4TUpol.s:2380   .debug_str:00000000000000d5 .LASF87
     /tmp/cc4TUpol.s:2460   .debug_str:000000000000033a .LASF88
     /tmp/cc4TUpol.s:2418   .debug_str:00000000000001cb .LASF89
     /tmp/cc4TUpol.s:2466   .debug_str:000000000000036a .LASF90
GAS LISTING /tmp/cc4TUpol.s 			page 10


     /tmp/cc4TUpol.s:2426   .debug_str:000000000000022a .LASF91
     /tmp/cc4TUpol.s:2536   .debug_str:0000000000000545 .LASF92
     /tmp/cc4TUpol.s:2490   .debug_str:0000000000000420 .LASF93
     /tmp/cc4TUpol.s:2356   .debug_str:0000000000000023 .LASF94
     /tmp/cc4TUpol.s:2642   .debug_str:00000000000008de .LASF95
     /tmp/cc4TUpol.s:2674   .debug_str:00000000000009e4 .LASF96
     /tmp/cc4TUpol.s:2572   .debug_str:000000000000066d .LASF97
     /tmp/cc4TUpol.s:2688   .debug_str:0000000000000a31 .LASF98
     /tmp/cc4TUpol.s:2634   .debug_str:00000000000007fa .LASF99
     /tmp/cc4TUpol.s:2664   .debug_str:0000000000000999 .LASF173
     /tmp/cc4TUpol.s:2676   .debug_str:00000000000009eb .LASF100
     /tmp/cc4TUpol.s:2458   .debug_str:000000000000032f .LASF101
     /tmp/cc4TUpol.s:2464   .debug_str:0000000000000352 .LASF102
     /tmp/cc4TUpol.s:2602   .debug_str:0000000000000728 .LASF103
     /tmp/cc4TUpol.s:2422   .debug_str:00000000000001f2 .LASF104
     /tmp/cc4TUpol.s:2472   .debug_str:000000000000038d .LASF105
     /tmp/cc4TUpol.s:2682   .debug_str:0000000000000a04 .LASF106
     /tmp/cc4TUpol.s:2500   .debug_str:0000000000000460 .LASF107
     /tmp/cc4TUpol.s:2654   .debug_str:0000000000000956 .LASF108
     /tmp/cc4TUpol.s:2608   .debug_str:0000000000000756 .LASF109
     /tmp/cc4TUpol.s:2540   .debug_str:0000000000000559 .LASF110
     /tmp/cc4TUpol.s:2560   .debug_str:0000000000000608 .LASF111
     /tmp/cc4TUpol.s:2562   .debug_str:000000000000060f .LASF112
     /tmp/cc4TUpol.s:2530   .debug_str:000000000000052b .LASF113
     /tmp/cc4TUpol.s:2488   .debug_str:000000000000040d .LASF114
     /tmp/cc4TUpol.s:2684   .debug_str:0000000000000a1e .LASF115
     /tmp/cc4TUpol.s:2644   .debug_str:00000000000008f0 .LASF116
     /tmp/cc4TUpol.s:2528   .debug_str:0000000000000523 .LASF117
     /tmp/cc4TUpol.s:2438   .debug_str:0000000000000289 .LASF118
     /tmp/cc4TUpol.s:2506   .debug_str:000000000000048f .LASF119
     /tmp/cc4TUpol.s:2566   .debug_str:000000000000062c .LASF120
     /tmp/cc4TUpol.s:2702   .debug_str:0000000000000a8d .LASF121
     /tmp/cc4TUpol.s:2476   .debug_str:00000000000003a0 .LASF122
     /tmp/cc4TUpol.s:2618   .debug_str:00000000000007a4 .LASF123
     /tmp/cc4TUpol.s:2598   .debug_str:000000000000070e .LASF124
     /tmp/cc4TUpol.s:2600   .debug_str:0000000000000721 .LASF125
     /tmp/cc4TUpol.s:2392   .debug_str:0000000000000121 .LASF126
     /tmp/cc4TUpol.s:2416   .debug_str:00000000000001c5 .LASF127
     /tmp/cc4TUpol.s:2462   .debug_str:0000000000000340 .LASF128
     /tmp/cc4TUpol.s:2474   .debug_str:000000000000039a .LASF129
     /tmp/cc4TUpol.s:2406   .debug_str:0000000000000196 .LASF130
     /tmp/cc4TUpol.s:2366   .debug_str:0000000000000070 .LASF131
     /tmp/cc4TUpol.s:2588   .debug_str:00000000000006da .LASF132
     /tmp/cc4TUpol.s:2582   .debug_str:00000000000006b7 .LASF133
     /tmp/cc4TUpol.s:2698   .debug_str:0000000000000a66 .LASF134
     /tmp/cc4TUpol.s:2678   .debug_str:00000000000009f1 .LASF135
     /tmp/cc4TUpol.s:2398   .debug_str:0000000000000150 .LASF136
     /tmp/cc4TUpol.s:2390   .debug_str:0000000000000117 .LASF137
     /tmp/cc4TUpol.s:2518   .debug_str:00000000000004cf .LASF138
     /tmp/cc4TUpol.s:2456   .debug_str:0000000000000320 .LASF139
     /tmp/cc4TUpol.s:2452   .debug_str:00000000000002f6 .LASF140
     /tmp/cc4TUpol.s:2554   .debug_str:00000000000005d3 .LASF142
     /tmp/cc4TUpol.s:2482   .debug_str:00000000000003cf .LASF144
     /tmp/cc4TUpol.s:2680   .debug_str:00000000000009fb .LASF145
     /tmp/cc4TUpol.s:2442   .debug_str:00000000000002a2 .LASF146
     /tmp/cc4TUpol.s:47     .text:0000000000000038 .LFB37
     /tmp/cc4TUpol.s:147    .text:00000000000000e4 .LFE37
GAS LISTING /tmp/cc4TUpol.s 			page 11


     /tmp/cc4TUpol.s:2522   .debug_str:00000000000004f2 .LASF147
     /tmp/cc4TUpol.s:64     .text:0000000000000054 .LBB7
     /tmp/cc4TUpol.s:76     .text:0000000000000058 .LBE7
     /tmp/cc4TUpol.s:114    .text:00000000000000b0 .LBB9
     /tmp/cc4TUpol.s:127    .text:00000000000000c0 .LBE9
     /tmp/cc4TUpol.s:2328   .debug_loc:0000000000000000 .LLST0
     /tmp/cc4TUpol.s:124    .text:00000000000000c0 .LVL10
     /tmp/cc4TUpol.s:86     .text:0000000000000070 .LVL4
     /tmp/cc4TUpol.s:93     .text:0000000000000088 .LVL5
     /tmp/cc4TUpol.s:97     .text:0000000000000090 .LVL6
     /tmp/cc4TUpol.s:102    .text:000000000000009c .LVL7
     /tmp/cc4TUpol.s:107    .text:00000000000000a8 .LVL8
     /tmp/cc4TUpol.s:131    .text:00000000000000cc .LVL11
     /tmp/cc4TUpol.s:2486   .debug_str:0000000000000404 .LASF148
     /tmp/cc4TUpol.s:2614   .debug_str:000000000000077e .LASF149
     /tmp/cc4TUpol.s:10     .text:0000000000000000 .LFB36
     /tmp/cc4TUpol.s:41     .text:0000000000000038 .LFE36
     /tmp/cc4TUpol.s:25     .text:0000000000000018 .LVL0
     /tmp/cc4TUpol.s:30     .text:0000000000000028 .LVL1
     /tmp/cc4TUpol.s:2508   .debug_str:0000000000000497 .LASF174
     /tmp/cc4TUpol.s:2440   .debug_str:000000000000029d .LASF150
     /tmp/cc4TUpol.s:2362   .debug_str:000000000000005f .LASF151
     /tmp/cc4TUpol.s:2494   .debug_str:000000000000043c .LASF175
     /tmp/cc4TUpol.s:2534   .debug_str:000000000000053e .LASF176
     /tmp/cc4TUpol.s:2354   .debug_str:0000000000000010 .LASF177
     /tmp/cc4TUpol.s:2446   .debug_str:00000000000002b7 .LASF152
     /tmp/cc4TUpol.s:2666   .debug_str:00000000000009a3 .LASF154
     /tmp/cc4TUpol.s:2636   .debug_str:00000000000007ff .LASF153
     /tmp/cc4TUpol.s:2658   .debug_str:0000000000000982 .LASF155
     /tmp/cc4TUpol.s:2514   .debug_str:00000000000004b2 .LASF156
     /tmp/cc4TUpol.s:2704   .debug_str:0000000000000a95 .LASF157
     /tmp/cc4TUpol.s:2542   .debug_str:000000000000056e .LASF158
     /tmp/cc4TUpol.s:2564   .debug_str:0000000000000622 .LASF159
     /tmp/cc4TUpol.s:2670   .debug_str:00000000000009ca .LASF160
     /tmp/cc4TUpol.s:2470   .debug_str:000000000000037d .LASF161
     /tmp/cc4TUpol.s:2520   .debug_str:00000000000004e5 .LASF162
     /tmp/cc4TUpol.s:2556   .debug_str:00000000000005e8 .LASF163
     /tmp/cc4TUpol.s:2576   .debug_str:0000000000000680 .LASF164
     /tmp/cc4TUpol.s:2350   .debug_str:0000000000000000 .LASF165
     /tmp/cc4TUpol.s:113    .text:00000000000000b0 .LVL9
     /tmp/cc4TUpol.s:166    .debug_info:0000000000000000 .Ldebug_info0

UNDEFINED SYMBOLS
_Z8userMainv
_Z10sem_signalP3Sem
_ZN5Riscv14supervisorTrapEv
_Z13thread_createPP3TCBPFvPvES2_
_Z8sem_openPP3Semj
_Z8sem_waitP3Sem
_Z9sem_closeP3Sem
_ZdaPv
_ZdlPv
